Microsoft (R)-Build-Engine, Version 16.11.2+f32259642 fr .NET Framework
Copyright (C) Microsoft Corporation. Alle Rechte vorbehalten.

Die Projekte in dieser Projektmappe werden nacheinander erstellt. Um eine parallele Erstellung zu erm”glichen, mssen Sie den Schalter "-m" hinzufgen.
Der Buildvorgang wurde am 29.08.2024 17:18:25 gestartet.
Projekt "k:\git\CoverageTest\make\CoverageTest.sln" auf Knoten "1", CoverageTest Ziel(e).
ValidateSolutionConfiguration:
  Die Projektmappenkonfiguration "debug|Win32" wird erstellt.
Das Projekt "k:\git\CoverageTest\make\CoverageTest.sln" (1) erstellt "k:\git\CoverageTest\make\CoverageTest.vcxproj" (2) auf Knoten "1" (Standardziele).
InitializeBuildStatus:
  Aktualisieren des Timestamps von "obj\vs\CoverageTest\debug\CoverageTest.tlog\unsuccessfulbuild".
ClCompile:
  D:\tools/BullseyeCoverage/bin\x86\CL.exe /c /I..\test /I..\code /ZI /JMC /nologo /W4 /WX- /diagnostics:column /Od /Oy- /D DEBUG /D _UNICODE /D UNICODE /Gm- /EHsc /RTC1 /MDd /GS /fp:precise /Zc:wchar_t /Zc:forScope /Zc:inline /Fo"obj\vs\CoverageTest\debug\\" /Fd"obj\vs\CoverageTest\debug\vc142.pdb" /external:W4 /Gd /TP /analyze- /FC /errorReport:queue /std:c++17 /MP /W4 /wd4100 /wd4103 ..\code\CoverageSrc.cpp ..\test\Tests.cpp
  CTC++ error 15: Licence problem: cannot check out FLEXlm license
  Licensed number of users already reached.
  Feature:       NTCTC
  License path:  1703@chwln01liz002p.ad001.siemens.net;
  FlexNet Licensing error:-4,132
  For further information, refer to the FlexNet Licensing documentation,
  available at "www.flexerasoftware.com".
C:\Program Files (x86)\Microsoft Visual Studio\2019\Professional\MSBuild\Microsoft\VC\v160\Microsoft.CppCommon.targets(687,5): error MSB6006: "CL.exe" wurde mit dem Code 1 beendet. [k:\git\CoverageTest\make\CoverageTest.vcxproj]
Die Erstellung des Projekts "k:\git\CoverageTest\make\CoverageTest.vcxproj" ist abgeschlossen (Standardziele) -- FEHLER.
Die Erstellung des Projekts "k:\git\CoverageTest\make\CoverageTest.sln" ist abgeschlossen, CoverageTest Ziel(e) -- FEHLER.

Fehler beim Buildvorgang.

"k:\git\CoverageTest\make\CoverageTest.sln" (CoverageTest Ziel) (1) ->
"k:\git\CoverageTest\make\CoverageTest.vcxproj" (Standardziel) (2) ->
(ClCompile Ziel) -> 
  C:\Program Files (x86)\Microsoft Visual Studio\2019\Professional\MSBuild\Microsoft\VC\v160\Microsoft.CppCommon.targets(687,5): error MSB6006: "CL.exe" wurde mit dem Code 1 beendet. [k:\git\CoverageTest\make\CoverageTest.vcxproj]

    0 Warnung(en)
    1 Fehler

Verstrichene Zeit 00:00:01.45
ctclaunch has finished.
The build tool returned the exit code 1.
